17:30:25.509 INFO [GridLauncherV3.parse] - Selenium server version: 3.141.59, revision: e82be7d358
17:30:25.591 INFO [GridLauncherV3.lambda$buildLaunchers$3] - Launching a standalone Selenium Server on port 4444
2019-10-24 17:30:25.651:INFO::main: Logging initialized @374ms to org.seleniumhq.jetty9.util.log.StdErrLog
17:30:25.938 INFO [WebDriverServlet.<init>] - Initialising WebDriverServlet
17:30:26.566 INFO [SeleniumServer.boot] - Selenium Server is up and running on port 4444
17:30:26.867 INFO [ActiveSessionFactory.apply] - Capabilities are: {
  "acceptSslCerts": true,
  "browserName": "chrome",
  "chromeOptions": {
    "w3c": false
  },
  "name": "Stockcharts Test"
}
17:30:26.870 INFO [ActiveSessionFactory.lambda$apply$11] - Matched factory org.openqa.selenium.grid.session.remote.ServicedSession$Factory (provider: org.openqa.selenium.chrome.ChromeDriverService)
Starting ChromeDriver 77.0.3865.40 (f484704e052e0b556f8030b65b953dce96503217-refs/branch-heads/3865@{#442}) on port 37915
Only local connections are allowed.
Please protect ports used by ChromeDriver and related test frameworks to prevent access by malicious code.
[1571959830.987][WARNING]: Timed out connecting to Chrome, retrying...
17:30:33.022 INFO [ProtocolHandshake.createSession] - Detected dialect: OSS
17:30:33.278 INFO [RemoteSession$Factory.lambda$performHandshake$0] - Started new session 1a32bb5846d91b048a9943e17b3b6354 (org.openqa.selenium.chrome.ChromeDriverService)
17:30:53.877 INFO [ActiveSessions$1.onStop] - Removing session 1a32bb5846d91b048a9943e17b3b6354 (org.openqa.selenium.chrome.ChromeDriverService)
